[    1716ms] [ERROR] Failed to load resource: the server responded with a status of 404 () @ https://foundry.churchofjesuschrist.org/Foundry/v1/Ensign:Sans:Italic:600@ko/css:0
[    1716ms] [ERROR] Failed to load resource: the server responded with a status of 404 () @ https://foundry.churchofjesuschrist.org/Foundry/v1/Ensign:Serif:Italic:700@ko/css:0
[    1810ms] [ERROR] Failed to load resource: the server responded with a status of 404 () @ https://foundry.churchofjesuschrist.org/Foundry/v1/Ensign:Sans:Italic:300@ko/css:0
[    1810ms] [ERROR] Failed to load resource: the server responded with a status of 404 () @ https://foundry.churchofjesuschrist.org/Foundry/v1/Ensign:Sans:Italic:400@ko/css:0
[    1817ms] [ERROR] Failed to load resource: the server responded with a status of 404 () @ https://foundry.churchofjesuschrist.org/Foundry/v1/Ensign:Serif:Italic:400@ko/css:0
[    1817ms] [ERROR] Failed to load resource: the server responded with a status of 404 () @ https://foundry.churchofjesuschrist.org/Foundry/v1/Ensign:Sans:600@ko/css:0
[    1860ms] [ERROR] Failed to load resource: the server responded with a status of 404 () @ https://foundry.churchofjesuschrist.org/Foundry/v1/Ensign:Sans:Italic:700@ko/css:0
[    2158ms] Error: Minified React error #418; visit https://reactjs.org/docs/error-decoder.html?invariant=418 for the full message or use the non-minified dev environment for full errors and additional helpful warnings.
    at sl (https://www.churchofjesuschrist.org/study/static/react.undefined.295519ee390e7e0b84e6.js:2:117408)
    at wi (https://www.churchofjesuschrist.org/study/static/react.undefined.295519ee390e7e0b84e6.js:2:190151)
    at ys (https://www.churchofjesuschrist.org/study/static/react.undefined.295519ee390e7e0b84e6.js:2:177709)
    at gs (https://www.churchofjesuschrist.org/study/static/react.undefined.295519ee390e7e0b84e6.js:2:177637)
    at ms (https://www.churchofjesuschrist.org/study/static/react.undefined.295519ee390e7e0b84e6.js:2:177500)
    at rs (https://www.churchofjesuschrist.org/study/static/react.undefined.295519ee390e7e0b84e6.js:2:172663)
    at E (https://www.churchofjesuschrist.org/study/static/modules--app.59afc15f6dc66e67b062.js:2:96155)
    at MessagePort._ (https://www.churchofjesuschrist.org/study/static/modules--app.59afc15f6dc66e67b062.js:2:96687)
[    2158ms] Error: Minified React error #418; visit https://reactjs.org/docs/error-decoder.html?invariant=418 for the full message or use the non-minified dev environment for full errors and additional helpful warnings.
    at sl (https://www.churchofjesuschrist.org/study/static/react.undefined.295519ee390e7e0b84e6.js:2:117528)
    at wi (https://www.churchofjesuschrist.org/study/static/react.undefined.295519ee390e7e0b84e6.js:2:190151)
    at ys (https://www.churchofjesuschrist.org/study/static/react.undefined.295519ee390e7e0b84e6.js:2:177709)
    at gs (https://www.churchofjesuschrist.org/study/static/react.undefined.295519ee390e7e0b84e6.js:2:177637)
    at ms (https://www.churchofjesuschrist.org/study/static/react.undefined.295519ee390e7e0b84e6.js:2:177500)
    at rs (https://www.churchofjesuschrist.org/study/static/react.undefined.295519ee390e7e0b84e6.js:2:172663)
    at E (https://www.churchofjesuschrist.org/study/static/modules--app.59afc15f6dc66e67b062.js:2:96155)
    at MessagePort._ (https://www.churchofjesuschrist.org/study/static/modules--app.59afc15f6dc66e67b062.js:2:96687)
[    2158ms] Error: Minified React error #418; visit https://reactjs.org/docs/error-decoder.html?invariant=418 for the full message or use the non-minified dev environment for full errors and additional helpful warnings.
    at sl (https://www.churchofjesuschrist.org/study/static/react.undefined.295519ee390e7e0b84e6.js:2:117528)
    at wi (https://www.churchofjesuschrist.org/study/static/react.undefined.295519ee390e7e0b84e6.js:2:190151)
    at ys (https://www.churchofjesuschrist.org/study/static/react.undefined.295519ee390e7e0b84e6.js:2:177709)
    at gs (https://www.churchofjesuschrist.org/study/static/react.undefined.295519ee390e7e0b84e6.js:2:177637)
    at ms (https://www.churchofjesuschrist.org/study/static/react.undefined.295519ee390e7e0b84e6.js:2:177500)
    at rs (https://www.churchofjesuschrist.org/study/static/react.undefined.295519ee390e7e0b84e6.js:2:172663)
    at E (https://www.churchofjesuschrist.org/study/static/modules--app.59afc15f6dc66e67b062.js:2:96155)
    at MessagePort._ (https://www.churchofjesuschrist.org/study/static/modules--app.59afc15f6dc66e67b062.js:2:96687)
[    2158ms] Error: Minified React error #418; visit https://reactjs.org/docs/error-decoder.html?invariant=418 for the full message or use the non-minified dev environment for full errors and additional helpful warnings.
    at sl (https://www.churchofjesuschrist.org/study/static/react.undefined.295519ee390e7e0b84e6.js:2:117528)
    at wi (https://www.churchofjesuschrist.org/study/static/react.undefined.295519ee390e7e0b84e6.js:2:190151)
    at ys (https://www.churchofjesuschrist.org/study/static/react.undefined.295519ee390e7e0b84e6.js:2:177709)
    at gs (https://www.churchofjesuschrist.org/study/static/react.undefined.295519ee390e7e0b84e6.js:2:177637)
    at ms (https://www.churchofjesuschrist.org/study/static/react.undefined.295519ee390e7e0b84e6.js:2:177500)
    at rs (https://www.churchofjesuschrist.org/study/static/react.undefined.295519ee390e7e0b84e6.js:2:172663)
    at E (https://www.churchofjesuschrist.org/study/static/modules--app.59afc15f6dc66e67b062.js:2:96155)
    at MessagePort._ (https://www.churchofjesuschrist.org/study/static/modules--app.59afc15f6dc66e67b062.js:2:96687)
[    2158ms] Error: Minified React error #423; visit https://reactjs.org/docs/error-decoder.html?invariant=423 for the full message or use the non-minified dev environment for full errors and additional helpful warnings.
    at wi (https://www.churchofjesuschrist.org/study/static/react.undefined.295519ee390e7e0b84e6.js:2:189837)
    at ys (https://www.churchofjesuschrist.org/study/static/react.undefined.295519ee390e7e0b84e6.js:2:177709)
    at gs (https://www.churchofjesuschrist.org/study/static/react.undefined.295519ee390e7e0b84e6.js:2:177637)
    at ms (https://www.churchofjesuschrist.org/study/static/react.undefined.295519ee390e7e0b84e6.js:2:177500)
    at as (https://www.churchofjesuschrist.org/study/static/react.undefined.295519ee390e7e0b84e6.js:2:174335)
    at rs (https://www.churchofjesuschrist.org/study/static/react.undefined.295519ee390e7e0b84e6.js:2:172890)
    at E (https://www.churchofjesuschrist.org/study/static/modules--app.59afc15f6dc66e67b062.js:2:96155)
    at MessagePort._ (https://www.churchofjesuschrist.org/study/static/modules--app.59afc15f6dc66e67b062.js:2:96687)
[    3927ms] [ERROR] Failed to load resource: the server responded with a status of 403 () @ https://www.churchofjesuschrist.org/services/banner/v1/published/kor/data.json:0
[    8669ms] [WARNING] The resource https://foundry.churchofjesuschrist.org/Foundry/v1/Ensign:Sans:Italic:400@ko/css was preloaded using link preload but not used within a few seconds from the window's load event. Please make sure it has an appropriate `as` value and it is preloaded intentionally. @ https://www.churchofjesuschrist.org/study/scriptures/gs?lang=kor:0
[    8670ms] [WARNING] The resource https://foundry.churchofjesuschrist.org/Foundry/v1/Ensign:Serif:Italic:400@ko/css was preloaded using link preload but not used within a few seconds from the window's load event. Please make sure it has an appropriate `as` value and it is preloaded intentionally. @ https://www.churchofjesuschrist.org/study/scriptures/gs?lang=kor:0
[    8670ms] [WARNING] The resource https://foundry.churchofjesuschrist.org/Foundry/v1/Ensign:Sans:600@ko/css was preloaded using link preload but not used within a few seconds from the window's load event. Please make sure it has an appropriate `as` value and it is preloaded intentionally. @ https://www.churchofjesuschrist.org/study/scriptures/gs?lang=kor:0
[    8670ms] [WARNING] The resource https://foundry.churchofjesuschrist.org/Foundry/v1/Ensign:Sans:Italic:300@ko/css was preloaded using link preload but not used within a few seconds from the window's load event. Please make sure it has an appropriate `as` value and it is preloaded intentionally. @ https://www.churchofjesuschrist.org/study/scriptures/gs?lang=kor:0
[    8670ms] [WARNING] The resource https://foundry.churchofjesuschrist.org/Foundry/v1/Ensign:Serif:Italic:700@ko/css was preloaded using link preload but not used within a few seconds from the window's load event. Please make sure it has an appropriate `as` value and it is preloaded intentionally. @ https://www.churchofjesuschrist.org/study/scriptures/gs?lang=kor:0
[    8670ms] [WARNING] The resource https://foundry.churchofjesuschrist.org/Foundry/v1/Ensign:Sans:Italic:700@ko/css was preloaded using link preload but not used within a few seconds from the window's load event. Please make sure it has an appropriate `as` value and it is preloaded intentionally. @ https://www.churchofjesuschrist.org/study/scriptures/gs?lang=kor:0
[    8670ms] [WARNING] The resource https://foundry.churchofjesuschrist.org/Foundry/v1/Ensign:Sans:Italic:600@ko/css was preloaded using link preload but not used within a few seconds from the window's load event. Please make sure it has an appropriate `as` value and it is preloaded intentionally. @ https://www.churchofjesuschrist.org/study/scriptures/gs?lang=kor:0
